<!DOCTYPE html>
<html>
<head>
<meta http-equiv="Content-Type" content="text/html; charset=utf-8"/>
<meta http-equiv="x-ua-compatible" content="IE=edge"/>
<title>Test results - Class runners.RegisterRunner</title>
<link href="../css/base-style.css" rel="stylesheet" type="text/css"/>
<link href="../css/style.css" rel="stylesheet" type="text/css"/>
<script src="../js/report.js" type="text/javascript"></script>
</head>
<body>
<div id="content">
<h1>Class runners.RegisterRunner</h1>
<div class="breadcrumbs">
<a href="../index.html">all</a> &gt; 
<a href="../packages/runners.html">runners</a> &gt; RegisterRunner</div>
<div id="summary">
<table>
<tr>
<td>
<div class="summaryGroup">
<table>
<tr>
<td>
<div class="infoBox" id="tests">
<div class="counter">0</div>
<p>tests</p>
</div>
</td>
<td>
<div class="infoBox" id="failures">
<div class="counter">0</div>
<p>failures</p>
</div>
</td>
<td>
<div class="infoBox" id="ignored">
<div class="counter">0</div>
<p>ignored</p>
</div>
</td>
<td>
<div class="infoBox" id="duration">
<div class="counter">-</div>
<p>duration</p>
</div>
</td>
</tr>
</table>
</div>
</td>
<td>
<div class="infoBox success" id="successRate">
<div class="percent">-</div>
<p>successful</p>
</div>
</td>
</tr>
</table>
</div>
<div id="tabs">
<ul class="tabLinks">
<li>
<a href="#tab0">Tests</a>
</li>
<li>
<a href="#tab1">Standard output</a>
</li>
<li>
<a href="#tab2">Standard error</a>
</li>
</ul>
<div id="tab0" class="tab">
<h2>Tests</h2>
<table>
<thead>
<tr>
<th>Test</th>
<th>Duration</th>
<th>Result</th>
</tr>
</thead>
</table>
</div>
<div id="tab1" class="tab">
<h2>Standard output</h2>
<span class="code">
<pre>
?[31mFailed scenarios:?[0m
file:///C:/Users/User/Documents/GitHub/Automatizacion-Selenium/ScreenPlay/Projects/RepoSenaSoft/Bon-Bonnite/untitled/src/test/resources/features/register.feature:22 # Register Failed
file:///C:/Users/User/Documents/GitHub/Automatizacion-Selenium/ScreenPlay/Projects/RepoSenaSoft/Bon-Bonnite/untitled/src/test/resources/features/register.feature:34 # Register Empty

3 Scenarios (?[31m2 failed?[0m, ?[32m1 passed?[0m)
9 Steps (?[31m2 failed?[0m, ?[32m7 passed?[0m)
2m38.643s


java.lang.AssertionError: no such element: Unable to locate element: {&quot;method&quot;:&quot;xpath&quot;,&quot;selector&quot;:&quot;//ul[@class='woocommerce-error']//li[contains(text(),'{0}')]&quot;}
  (Session info: chrome=117.0.5938.89)
For documentation on this error, please visit: https://www.seleniumhq.org/exceptions/no_such_element.html
Build info: version: '3.141.59', revision: 'e82be7d358', time: '2018-11-14T08:17:03'
System info: host: 'DESKTOP-0AB3449', ip: '192.168.45.213', os.name: 'Windows 10', os.arch: 'amd64', os.version: '10.0', java.version: '11.0.20.1'
Driver info: org.openqa.selenium.chrome.ChromeDriver
Capabilities {acceptInsecureCerts: false, browserName: chrome, browserVersion: 117.0.5938.89, chrome: {chromedriverVersion: 117.0.5938.88 (be6afae47212..., userDataDir: C:\Users\User\AppData\Local...}, fedcm:accounts: true, goog:chromeOptions: {debuggerAddress: localhost:64421}, javascriptEnabled: true, networkConnectionEnabled: false, pageLoadStrategy: normal, platform: WINDOWS, platformName: WINDOWS, proxy: Proxy(), setWindowRect: true, strictFileInteractability: false, timeouts: {implicit: 0, pageLoad: 300000, script: 30000}, unhandledPromptBehavior: dismiss and notify, webauthn:extension:credBlob: true, webauthn:extension:largeBlob: true, webauthn:extension:minPinLength: true, webauthn:extension:prf: true, webauthn:virtualAuthenticators: true}
Session ID: 8b4b93eda97493551a05dec906a9c16b
*** Element info: {Using=xpath, value=//ul[@class='woocommerce-error']//li[contains(text(),'{0}')]}
	at net.serenitybdd.screenplay.ErrorTally.throwSummaryExceptionFrom(ErrorTally.java:38)
	at net.serenitybdd.screenplay.ErrorTally.reportAnyErrors(ErrorTally.java:32)
	at net.serenitybdd.screenplay.Actor.should(Actor.java:322)
	at stepsdefinitions.RegisterStepDefinitions.theUserShouldSeeAErrorMessage(RegisterStepDefinitions.java:87)
	at ?.the user should see a error message(file:///C:/Users/User/Documents/GitHub/Automatizacion-Selenium/ScreenPlay/Projects/RepoSenaSoft/Bon-Bonnite/untitled/src/test/resources/features/register.feature:19)

java.lang.AssertionError: Cannot locate an element using xpath=//ul[@class='woocommerce-error']//li[contains(text(),'{0}')]
For documentation on this error, please visit: https://www.seleniumhq.org/exceptions/no_such_element.html
Build info: version: '3.141.59', revision: 'e82be7d358', time: '2018-11-14T08:17:03'
System info: host: 'DESKTOP-0AB3449', ip: '192.168.45.213', os.name: 'Windows 10', os.arch: 'amd64', os.version: '10.0', java.version: '11.0.20.1'
Driver info: driver.version: RemoteWebDriver
	at net.serenitybdd.screenplay.ErrorTally.throwSummaryExceptionFrom(ErrorTally.java:38)
	at net.serenitybdd.screenplay.ErrorTally.reportAnyErrors(ErrorTally.java:32)
	at net.serenitybdd.screenplay.Actor.should(Actor.java:322)
	at stepsdefinitions.RegisterStepDefinitions.theUserShouldSeeAErrorMessage(RegisterStepDefinitions.java:87)
	at ?.the user should see a error message(file:///C:/Users/User/Documents/GitHub/Automatizacion-Selenium/ScreenPlay/Projects/RepoSenaSoft/Bon-Bonnite/untitled/src/test/resources/features/register.feature:30)


</pre>
</span>
</div>
<div id="tab2" class="tab">
<h2>Standard error</h2>
<span class="code">
<pre>[Test worker] INFO io.cucumber.core.plugin.SerenityReporter - Running feature from file:///C:/Users/User/Documents/GitHub/Automatizacion-Selenium/ScreenPlay/Projects/RepoSenaSoft/Bon-Bonnite/untitled/src/test/resources/features/register.feature
[Test worker] WARN io.cucumber.core.plugin.SerenityReporter - Feature from file:///C:/Users/User/Documents/GitHub/Automatizacion-Selenium/ScreenPlay/Projects/RepoSenaSoft/Bon-Bonnite/untitled/src/test/resources/features/register.feature is not under the 'features' directory. Requirements report will not be correctly generated!
[Test worker] INFO  - 

-------------------------------------------------------------------------------------
     _______. _______ .______       _______ .__   __.  __  .___________.____    ____ 
    /       ||   ____||   _  \     |   ____||  \ |  | |  | |           |\   \  /   / 
   |   (----`|  |__   |  |_)  |    |  |__   |   \|  | |  | `---|  |----` \   \/   /  
    \   \    |   __|  |      /     |   __|  |  . `  | |  |     |  |       \_    _/   
.----)   |   |  |____ |  |\  \----.|  |____ |  |\   | |  |     |  |         |  |     
|_______/    |_______|| _| `._____||_______||__| \__| |__|     |__|         |__|    
                                                                                     
 News and tutorials at http://www.serenity-bdd.info                                  
 Documentation at https://wakaleo.gitbooks.io/the-serenity-book/content/             
 Join the Serenity Community on Gitter: https://gitter.im/serenity-bdd/serenity-core 
 Serenity BDD Support and Training at http://serenity-bdd.info/#/trainingandsupport  
-------------------------------------------------------------------------------------

[Test worker] INFO  - Test Suite Started: Register
[pool-1-thread-1] INFO net.thucydides.core.reports.ReportService - net.thucydides.core.reports.json.JSONTestOutcomeReporter@463b037b: Generating report for test outcome: Register:Register Successful
[pool-1-thread-3] INFO net.thucydides.core.reports.ReportService - net.thucydides.core.reports.json.JSONTestOutcomeReporter@463b037b: Generating report for test outcome: Register:Register Empty
[pool-1-thread-2] INFO net.thucydides.core.reports.ReportService - net.thucydides.core.reports.json.JSONTestOutcomeReporter@463b037b: Generating report for test outcome: Register:Register Failed
[pool-2-thread-1] INFO net.thucydides.core.reports.ReportService - net.thucydides.core.reports.html.HtmlAcceptanceTestReporter@77fc485f: Generating report for test outcome: Register:Register Successful
[pool-2-thread-2] INFO net.thucydides.core.reports.ReportService - net.thucydides.core.reports.html.HtmlAcceptanceTestReporter@77fc485f: Generating report for test outcome: Register:Register Failed
[pool-2-thread-3] INFO net.thucydides.core.reports.ReportService - net.thucydides.core.reports.html.HtmlAcceptanceTestReporter@77fc485f: Generating report for test outcome: Register:Register Empty
</pre>
</span>
</div>
</div>
<div id="footer">
<p>
<div>
<label class="hidden" id="label-for-line-wrapping-toggle" for="line-wrapping-toggle">Wrap lines
<input id="line-wrapping-toggle" type="checkbox" autocomplete="off"/>
</label>
</div>Generated by 
<a href="http://www.gradle.org">Gradle 6.8.3</a> at 19 sep 2023 16:12:09</p>
</div>
</div>
</body>
</html>
